<?xml version="1.0" encoding="UTF-8"?>
<!-- Generated by org.testng.reporters.JUnitReportReporter -->
<testsuite hostname="Acer" failures="0" tests="7" name="com.classicCRM.TestRunner.TestRunner" time="429.574" errors="0" timestamp="2023-05-31T23:34:57 IST" skipped="0">
  <testcase classname="com.classicCRM.TestRunner.TestRunner" name="runScenario" time="70.039"/>
  <system-out/>
  <testcase classname="com.classicCRM.TestRunner.TestRunner" name="runScenario" time="33.335"/>
  <system-out/>
  <testcase classname="com.classicCRM.TestRunner.TestRunner" name="runScenario" time="21.217"/>
  <system-out/>
  <testcase classname="com.classicCRM.TestRunner.TestRunner" name="runScenario" time="148.235"/>
  <system-out/>
  <testcase classname="com.classicCRM.TestRunner.TestRunner" name="runScenario" time="26.934"/>
  <system-out/>
  <testcase classname="com.classicCRM.TestRunner.TestRunner" name="runScenario" time="43.627"/>
  <system-out/>
  <testcase classname="com.classicCRM.TestRunner.TestRunner" name="runScenario" time="86.187"/>
  <system-out/>
</testsuite> <!-- com.classicCRM.TestRunner.TestRunner -->
