<?xml version="1.0" encoding="UTF-8"?>
<!-- Generated by org.testng.reporters.JUnitReportReporter -->
<testsuite hostname="Acer" failures="0" tests="1" name="com.classicCRM.TestRunner.TestRunner" time="38.995" errors="0" timestamp="2023-07-25T20:04:36 IST" skipped="0">
  <testcase classname="com.classicCRM.TestRunner.TestRunner" name="runScenario" time="38.995"/>
  <system-out/>
</testsuite> <!-- com.classicCRM.TestRunner.TestRunner -->
