<?xml version="1.0" encoding="UTF-8"?>
<!-- Generated by org.testng.reporters.JUnitReportReporter -->
<testsuite hostname="Acer" failures="0" tests="3" name="com.classicCRM.TestRunner.TestRunner" time="81.077" errors="0" timestamp="2023-05-19T19:32:34 IST" skipped="0">
  <testcase classname="com.classicCRM.TestRunner.TestRunner" name="runScenario" time="23.669"/>
  <system-out/>
  <testcase classname="com.classicCRM.TestRunner.TestRunner" name="runScenario" time="32.094"/>
  <system-out/>
  <testcase classname="com.classicCRM.TestRunner.TestRunner" name="runScenario" time="25.314"/>
  <system-out/>
</testsuite> <!-- com.classicCRM.TestRunner.TestRunner -->
