<?xml version="1.0" encoding="UTF-8"?>
<!-- Generated by org.testng.reporters.JUnitReportReporter -->
<testsuite hostname="Acer" failures="0" tests="3" name="com.classicCRM.TestRunner.TestRunner" time="74.453" errors="0" timestamp="2023-05-17T15:14:49 IST" skipped="0">
  <testcase classname="com.classicCRM.TestRunner.TestRunner" name="runScenario" time="16.348"/>
  <system-out/>
  <testcase classname="com.classicCRM.TestRunner.TestRunner" name="runScenario" time="40.019"/>
  <system-out/>
  <testcase classname="com.classicCRM.TestRunner.TestRunner" name="runScenario" time="18.086"/>
  <system-out/>
</testsuite> <!-- com.classicCRM.TestRunner.TestRunner -->
