<?xml version="1.0" encoding="UTF-8"?>
<!-- Generated by org.testng.reporters.JUnitReportReporter -->
<testsuite hostname="Acer" failures="0" tests="3" name="com.classicCRM.TestRunner.TestRunner" time="81.710" errors="0" timestamp="2023-05-19T19:59:02 IST" skipped="0">
  <testcase classname="com.classicCRM.TestRunner.TestRunner" name="runScenario" time="33.512"/>
  <system-out/>
  <testcase classname="com.classicCRM.TestRunner.TestRunner" name="runScenario" time="26.533"/>
  <system-out/>
  <testcase classname="com.classicCRM.TestRunner.TestRunner" name="runScenario" time="21.665"/>
  <system-out/>
</testsuite> <!-- com.classicCRM.TestRunner.TestRunner -->
