<?xml version="1.0" encoding="UTF-8"?>
<!-- Generated by org.testng.reporters.JUnitReportReporter -->
<testsuite hostname="Acer" failures="0" tests="1" name="com.classicCRM.TestRunner.TestRunner" time="39.351" errors="0" timestamp="2023-07-12T00:30:00 IST" skipped="0">
  <testcase classname="com.classicCRM.TestRunner.TestRunner" name="runScenario" time="39.351"/>
  <system-out/>
</testsuite> <!-- com.classicCRM.TestRunner.TestRunner -->
