<?xml version="1.0" encoding="UTF-8"?>
<!-- Generated by org.testng.reporters.JUnitReportReporter -->
<testsuite hostname="Acer" failures="0" tests="7" name="com.classicCRM.TestRunner.TestRunner" time="302.996" errors="0" timestamp="2023-06-01T11:06:37 IST" skipped="0">
  <testcase classname="com.classicCRM.TestRunner.TestRunner" name="runScenario" time="66.511"/>
  <system-out/>
  <testcase classname="com.classicCRM.TestRunner.TestRunner" name="runScenario" time="49.204"/>
  <system-out/>
  <testcase classname="com.classicCRM.TestRunner.TestRunner" name="runScenario" time="26.421"/>
  <system-out/>
  <testcase classname="com.classicCRM.TestRunner.TestRunner" name="runScenario" time="44.753"/>
  <system-out/>
  <testcase classname="com.classicCRM.TestRunner.TestRunner" name="runScenario" time="47.433"/>
  <system-out/>
  <testcase classname="com.classicCRM.TestRunner.TestRunner" name="runScenario" time="32.544"/>
  <system-out/>
  <testcase classname="com.classicCRM.TestRunner.TestRunner" name="runScenario" time="36.130"/>
  <system-out/>
</testsuite> <!-- com.classicCRM.TestRunner.TestRunner -->
