<?xml version="1.0" encoding="UTF-8"?>
<!-- Generated by org.testng.reporters.JUnitReportReporter -->
<testsuite hostname="Acer" failures="0" tests="3" name="com.classicCRM.TestRunner.TestRunner" time="177.546" errors="0" timestamp="2023-05-19T20:01:21 IST" skipped="0">
  <testcase classname="com.classicCRM.TestRunner.TestRunner" name="runScenario" time="57.772"/>
  <system-out/>
  <testcase classname="com.classicCRM.TestRunner.TestRunner" name="runScenario" time="57.449"/>
  <system-out/>
  <testcase classname="com.classicCRM.TestRunner.TestRunner" name="runScenario" time="62.325"/>
  <system-out/>
</testsuite> <!-- com.classicCRM.TestRunner.TestRunner -->
