<?xml version="1.0" encoding="UTF-8"?>
<!-- Generated by org.testng.reporters.JUnitReportReporter -->
<testsuite hostname="Acer" failures="0" tests="3" name="com.classicCRM.TestRunner.TestRunner" time="0.252" errors="0" timestamp="2023-05-16T14:00:44 IST" skipped="0">
  <testcase classname="com.classicCRM.TestRunner.TestRunner" name="runScenario" time="0.021"/>
  <system-out/>
  <testcase classname="com.classicCRM.TestRunner.TestRunner" name="runScenario" time="0.197"/>
  <system-out/>
  <testcase classname="com.classicCRM.TestRunner.TestRunner" name="runScenario" time="0.034"/>
  <system-out/>
</testsuite> <!-- com.classicCRM.TestRunner.TestRunner -->
