<?xml version="1.0" encoding="UTF-8"?>
<!-- Generated by org.testng.reporters.JUnitReportReporter -->
<testsuite hostname="Acer" failures="0" tests="1" name="com.classicCRM.TestRunner.TestRunner" time="69.989" errors="0" timestamp="2023-05-24T19:06:40 IST" skipped="0">
  <testcase classname="com.classicCRM.TestRunner.TestRunner" name="runScenario" time="69.989"/>
  <system-out/>
</testsuite> <!-- com.classicCRM.TestRunner.TestRunner -->
