<?xml version="1.0" encoding="UTF-8"?>
<!-- Generated by org.testng.reporters.JUnitReportReporter -->
<testsuite hostname="Acer" failures="0" tests="7" name="com.classicCRM.TestRunner.TestRunner" time="504.977" errors="0" timestamp="2023-06-05T01:46:08 IST" skipped="0">
  <testcase classname="com.classicCRM.TestRunner.TestRunner" name="runScenario" time="39.345"/>
  <system-out/>
  <testcase classname="com.classicCRM.TestRunner.TestRunner" name="runScenario" time="112.220"/>
  <system-out/>
  <testcase classname="com.classicCRM.TestRunner.TestRunner" name="runScenario" time="101.388"/>
  <system-out/>
  <testcase classname="com.classicCRM.TestRunner.TestRunner" name="runScenario" time="93.941"/>
  <system-out/>
  <testcase classname="com.classicCRM.TestRunner.TestRunner" name="runScenario" time="44.098"/>
  <system-out/>
  <testcase classname="com.classicCRM.TestRunner.TestRunner" name="runScenario" time="85.677"/>
  <system-out/>
  <testcase classname="com.classicCRM.TestRunner.TestRunner" name="runScenario" time="28.308"/>
  <system-out/>
</testsuite> <!-- com.classicCRM.TestRunner.TestRunner -->
